2025-10-31 12:12:26,109 ERROR Email configuration incomplete. Provide SENDGRID_API_KEY or SMTP_HOST + EMAIL_FROM + EMAIL_TO. See .env.example
2025-10-31 12:17:34,647 INFO Fetching https://official.nba.com/referee-assignments/
2025-10-31 12:17:34,924 INFO Found 1 nodes for selector 'div.dayContent'
2025-10-31 12:19:20,751 INFO Fetching https://official.nba.com/referee-assignments/
2025-10-31 12:19:21,079 INFO Found 1 nodes for selector 'div.dayContent table tbody'
2025-10-31 12:20:34,547 INFO Fetching https://official.nba.com/referee-assignments/
2025-10-31 12:20:36,709 INFO Found 1 nodes for selector 'div.dayContent table tbody'
2025-10-31 12:20:50,362 INFO Fetching https://official.nba.com/referee-assignments/
2025-10-31 12:20:50,561 INFO Found 1 nodes for selector 'div.dayContent table tbody'
2025-10-31 12:20:50,572 INFO Sending email to chris.shelorgdo@gmail.com via smtp.gmail.com:465
2025-10-31 12:20:51,079 WARNING SMTP attempt 1/3 failed: (534, b'5.7.9 Application-specific password required. For more information, go to\n5.7.9  https://support.google.com/mail/?p=InvalidSecondFactor 00721157ae682-7864c676d8asm6314477b3.49 - gsmtp')
2025-10-31 12:20:51,116 INFO Sleeping 1.1s before retrying SMTP...
2025-10-31 12:20:52,642 WARNING SMTP attempt 2/3 failed: (534, b'5.7.9 Application-specific password required. For more information, go to\n5.7.9  https://support.google.com/mail/?p=InvalidSecondFactor 00721157ae682-7864bc9490asm6558007b3.13 - gsmtp')
2025-10-31 12:20:52,676 INFO Sleeping 2.1s before retrying SMTP...
2025-10-31 12:20:55,299 WARNING SMTP attempt 3/3 failed: (534, b'5.7.9 Application-specific password required. For more information, go to\n5.7.9  https://support.google.com/mail/?p=InvalidSecondFactor 956f58d0204a3-63f96a7a4cbsm568877d50.20 - gsmtp')
2025-10-31 12:20:55,331 ERROR Failed to send email via SMTP after retries
NoneType: None
2025-10-31 12:20:55,331 ERROR Unexpected error
Traceback (most recent call last):
  File "C:\Users\cshelor\OneDrive - Conga\Documents\Scripts and Development\NBA-referee-scraper\daily_scraper.py", line 293, in main
    send_email(msg, SMTP_HOST, SMTP_PORT, SMTP_USER, SMTP_PASS)
  File "C:\Users\cshelor\OneDrive - Conga\Documents\Scripts and Development\NBA-referee-scraper\daily_scraper.py", line 196, in send_email
    raise last_exc
  File "C:\Users\cshelor\OneDrive - Conga\Documents\Scripts and Development\NBA-referee-scraper\daily_scraper.py", line 169, in send_email
    server.login(user, password)
  File "C:\Users\cshelor\AppData\Local\Programs\Python\Python311\Lib\smtplib.py", line 750, in login
    raise last_exception
  File "C:\Users\cshelor\AppData\Local\Programs\Python\Python311\Lib\smtplib.py", line 739, in login
    (code, resp) = self.auth(
                   ^^^^^^^^^^
  File "C:\Users\cshelor\AppData\Local\Programs\Python\Python311\Lib\smtplib.py", line 662, in auth
    raise SMTPAuthenticationError(code, resp)
smtplib.SMTPAuthenticationError: (534, b'5.7.9 Application-specific password required. For more information, go to\n5.7.9  https://support.google.com/mail/?p=InvalidSecondFactor 956f58d0204a3-63f96a7a4cbsm568877d50.20 - gsmtp')
2025-10-31 12:25:17,638 INFO Fetching https://official.nba.com/referee-assignments/
2025-10-31 12:25:17,878 INFO Found 1 nodes for selector 'div.dayContent table tbody'
2025-10-31 12:25:23,029 INFO Fetching https://official.nba.com/referee-assignments/
2025-10-31 12:25:23,207 INFO Found 1 nodes for selector 'div.dayContent table tbody'
2025-10-31 12:25:23,216 INFO Sending email to chris.shelorgdo@gmail.com via smtp.gmail.com:465
2025-10-31 12:25:24,167 INFO Email sent successfully
2025-10-31 12:26:28,066 INFO Fetching https://official.nba.com/referee-assignments/
2025-10-31 12:26:28,287 INFO Found 1 nodes for selector 'div.dayContent table tbody'
2025-10-31 12:28:23,696 INFO Fetching https://official.nba.com/referee-assignments/
2025-10-31 12:28:23,895 INFO Found 8 nodes for selector 'div.dayContent table tbody tr'
2025-10-31 12:28:43,423 INFO Fetching https://official.nba.com/referee-assignments/
2025-10-31 12:28:43,572 INFO Found 8 nodes for selector 'div.dayContent table tbody tr'
2025-10-31 12:28:53,727 INFO Fetching https://official.nba.com/referee-assignments/
2025-10-31 12:28:53,930 INFO Found 8 nodes for selector 'div.dayContent table tbody tr'
2025-10-31 12:28:53,936 INFO Sending email to chris.shelorgdo@gmail.com via smtp.gmail.com:465
2025-10-31 12:28:54,984 INFO Email sent successfully
2025-10-31 12:32:08,484 INFO Fetching https://official.nba.com/referee-assignments/
2025-10-31 12:32:08,868 INFO Found 8 nodes for selector 'div.dayContent table tbody tr'
2025-10-31 12:32:08,870 INFO Found 1 nodes for selector 'div.replay-center-assignment'
2025-10-31 12:32:22,120 INFO Fetching https://official.nba.com/referee-assignments/
2025-10-31 12:32:22,405 INFO Found 8 nodes for selector 'div.dayContent table tbody tr'
2025-10-31 12:32:22,407 INFO Found 1 nodes for selector 'div.replay-center-assignment'
2025-10-31 12:32:33,876 INFO Fetching https://official.nba.com/referee-assignments/
2025-10-31 12:32:34,053 INFO Found 8 nodes for selector 'div.dayContent table tbody tr'
2025-10-31 12:32:34,055 INFO Found 1 nodes for selector 'div.replay-center-assignment'
2025-10-31 12:32:34,061 INFO Sending email to chris.shelorgdo@gmail.com via smtp.gmail.com:465
2025-10-31 12:32:35,002 INFO Email sent successfully
2025-10-31 12:43:43,862 INFO Fetching https://official.nba.com/referee-assignments/
2025-10-31 12:43:44,085 INFO Found 8 nodes for selector 'div.dayContent table tbody tr'
2025-10-31 12:43:44,087 INFO Found 1 nodes for selector 'div.replay-center-assignment'
2025-10-31 12:43:44,095 INFO Sending email to chris.shelorgdo@gmail.com via smtp.gmail.com:465
2025-10-31 12:43:45,146 INFO Email sent successfully
2025-10-31 12:44:45,182 INFO Fetching https://official.nba.com/referee-assignments/
2025-10-31 12:44:45,446 INFO Found 8 nodes for selector 'div.dayContent table tbody tr'
2025-10-31 12:44:45,447 INFO Found 1 nodes for selector 'div.replay-center-assignment'
2025-10-31 12:44:45,454 INFO Sending email to chris.shelorgdo@gmail.com via smtp.gmail.com:465
2025-10-31 12:44:46,385 INFO Email sent successfully
